<?xml version="1.0" encoding="UTF-8"?>
<!-- Generated by org.testng.reporters.JUnitXMLReporter -->
<testsuite ignored="2" hostname="DESKTOP-KANN52V" failures="0" tests="1" name="Default test(failed)" time="5.416" errors="0" timestamp="2022-11-21T23:14:31 IST">
  <testcase classname="config.TestScript" name="Roles" time="0.517"/>
  <testcase classname="config.TestScript" name="Users" time="0.0">
    <ignored/>
  </testcase> <!-- Users -->
  <testcase classname="config.TestScript" name="Branches" time="0.0">
    <ignored/>
  </testcase> <!-- Branches -->
</testsuite> <!-- Default test(failed) -->
