<?xml version="1.0" encoding="UTF-8"?>
<!-- Generated by org.testng.reporters.JUnitXMLReporter -->
<testsuite ignored="2" hostname="DESKTOP-KANN52V" failures="0" tests="1" name="Report(failed)" time="5.288" errors="0" timestamp="2022-11-22T07:18:44 IST">
  <testcase classname="config.TestScript" name="Roles" time="0.519"/>
  <testcase classname="config.TestScript" name="Users" time="0.0">
    <ignored/>
  </testcase> <!-- Users -->
  <testcase classname="config.TestScript" name="Branches" time="0.0">
    <ignored/>
  </testcase> <!-- Branches -->
</testsuite> <!-- Report(failed) -->
