<?xml version="1.0" encoding="UTF-8"?>
<!-- Generated by org.testng.reporters.JUnitXMLReporter -->
<testsuite ignored="0" hostname="DESKTOP-KANN52V" failures="0" tests="5" name="Report3" time="41.911" errors="0" timestamp="2022-11-22T19:55:00 IST">
  <testcase classname="config.Login" name="ValidateLogin" time="4.856"/>
  <testcase classname="config.Login" name="ValidateLogin" time="6.766"/>
  <testcase classname="config.Login" name="ValidateLogin" time="14.158"/>
  <testcase classname="config.Login" name="ValidateLogin" time="8.529"/>
  <testcase classname="config.Login" name="ValidateLogin" time="7.589"/>
</testsuite> <!-- Report3 -->
