<?xml version="1.0" encoding="UTF-8"?>
<!-- Generated by org.testng.reporters.JUnitXMLReporter -->
<testsuite ignored="1" hostname="DESKTOP-KANN52V" failures="0" tests="4" name="Report2" time="1.419" errors="0" timestamp="2022-11-22T19:54:18 IST">
  <testcase classname="config.TestScript1" name="multiplication" time="0.447"/>
  <testcase classname="config.TestScript1" name="multiplication" time="0.313"/>
  <testcase classname="config.TestScript1" name="multiplication" time="0.292"/>
  <testcase classname="config.TestScript1" name="addition" time="0.349"/>
  <testcase classname="config.TestScript1" name="division" time="0.0">
    <ignored/>
  </testcase> <!-- division -->
</testsuite> <!-- Report2 -->
